<?xml version="1.0" encoding="UTF-8"?>
<!-- Generated by org.testng.reporters.JUnitReportReporter -->
<testsuite hostname="Manpreets-MacBook-Air.local" failures="0" tests="5" name="TestMethods" time="3.163" errors="0" timestamp="2025-02-01T13:53:43 EST" skipped="0">
  <testcase classname="TestMethods" name="test_05" time="0.375"/>
  <testcase classname="TestMethods" name="test_03" time="1.334"/>
  <testcase classname="TestMethods" name="test_2" time="0.473"/>
  <testcase classname="TestMethods" name="test_1" time="0.419"/>
  <testcase classname="TestMethods" name="test_04" time="0.562"/>
</testsuite> <!-- TestMethods -->
