<?xml version="1.0" encoding="UTF-8"?>
<!-- Generated by org.testng.reporters.JUnitXMLReporter -->
<testsuite ignored="0" hostname="Manpreets-MacBook-Air.local" failures="0" tests="3" name="Default test" time="9.45" errors="0" timestamp="2026-01-16T13:08:17 EST">
  <testcase classname="SeleniumJan.TestNGExample" name="testALogin" time="0.411"/>
  <testcase classname="SeleniumJan.TestNGExample" name="testBCreateEmployee" time="4.036"/>
  <testcase classname="SeleniumJan.TestNGExample" name="testCLogOff" time="0.351"/>
</testsuite> <!-- Default test -->
