<?xml version="1.0" encoding="UTF-8"?>
<!-- Generated by org.testng.reporters.JUnitXMLReporter -->
<testsuite ignored="3" hostname="Manpreets-MacBook-Air.local" failures="0" tests="1" name="SmokeTest" time="8.919" errors="0" timestamp="2026-01-16T16:29:07 EST">
  <testcase classname="SeleniumJan.TestNGExample" name="testWithDataProviderCreateEmployee" time="3.91"/>
  <testcase classname="SeleniumJan.TestNGExample" name="testCLogOff" time="0.0">
    <ignored/>
  </testcase> <!-- testCLogOff -->
  <testcase classname="SeleniumJan.TestNGExample" name="testALogin" time="0.0">
    <ignored/>
  </testcase> <!-- testALogin -->
  <testcase classname="SeleniumJan.TestNGExample" name="testBCreateEmployee" time="0.0">
    <ignored/>
  </testcase> <!-- testBCreateEmployee -->
</testsuite> <!-- SmokeTest -->
